C:\Program Files (x86)\Microsoft Visual Studio\2019\Community\MSBuild\Microsoft\VC\v160\Microsoft.CppBuild.targets(513,5): warning MSB8028: The intermediate directory (x64\Release\) contains files shared from another project (RawMouse.vcxproj).  This can lead to incorrect clean and rebuild behavior.
  MouseShifter.cpp
  C:\Program Files (x86)\Windows Kits\10\Include\10.0.19041.0\um\dinput.h: DIRECTINPUT_VERSION undefined. Defaulting to version 0x0800
E:\MouseShifter Source\MouseShifter\RawMouse\MouseShifter.cpp(854,76): warning C4267: 'argument': conversion from 'size_t' to 'DWORD', possible loss of data
E:\MouseShifter Source\MouseShifter\RawMouse\MouseShifter.cpp(1594,41): warning C4244: 'argument': conversion from 'WORD' to 'UCHAR', possible loss of data
E:\MouseShifter Source\MouseShifter\RawMouse\MouseShifter.cpp(1617,38): warning C4244: 'argument': conversion from 'WORD' to 'UCHAR', possible loss of data
E:\MouseShifter Source\MouseShifter\RawMouse\MouseShifter.cpp(1657,41): warning C4244: 'argument': conversion from 'WORD' to 'UCHAR', possible loss of data
E:\MouseShifter Source\MouseShifter\RawMouse\MouseShifter.cpp(3033,30): warning C4244: '=': conversion from 'int' to 'float', possible loss of data
E:\MouseShifter Source\MouseShifter\RawMouse\MouseShifter.cpp(3277,40): warning C4267: '=': conversion from 'size_t' to 'int', possible loss of data
E:\MouseShifter Source\MouseShifter\RawMouse\MouseShifter.cpp(4145,32): warning C4244: 'argument': conversion from 'int' to 'Gdiplus::REAL', possible loss of data
E:\MouseShifter Source\MouseShifter\RawMouse\MouseShifter.cpp(4163,95): warning C4244: 'argument': conversion from 'int' to 'Gdiplus::REAL', possible loss of data
E:\MouseShifter Source\MouseShifter\RawMouse\MouseShifter.cpp(4163,90): warning C4244: 'argument': conversion from 'int' to 'Gdiplus::REAL', possible loss of data
E:\MouseShifter Source\MouseShifter\RawMouse\MouseShifter.cpp(4163,36): warning C4244: 'argument': conversion from 'LONG' to 'Gdiplus::REAL', possible loss of data
E:\MouseShifter Source\MouseShifter\RawMouse\MouseShifter.cpp(4175,84): warning C4244: 'argument': conversion from 'int' to 'Gdiplus::REAL', possible loss of data
E:\MouseShifter Source\MouseShifter\RawMouse\MouseShifter.cpp(4183,86): warning C4244: 'argument': conversion from 'int' to 'Gdiplus::REAL', possible loss of data
E:\MouseShifter Source\MouseShifter\RawMouse\MouseShifter.cpp(4228,33): warning C4244: 'argument': conversion from 'int' to 'Gdiplus::REAL', possible loss of data
E:\MouseShifter Source\MouseShifter\RawMouse\MouseShifter.cpp(4232,91): warning C4244: 'argument': conversion from 'int' to 'Gdiplus::REAL', possible loss of data
E:\MouseShifter Source\MouseShifter\RawMouse\MouseShifter.cpp(4232,79): warning C4244: 'argument': conversion from 'int' to 'Gdiplus::REAL', possible loss of data
E:\MouseShifter Source\MouseShifter\RawMouse\MouseShifter.cpp(4259,25): warning C4244: 'argument': conversion from 'float' to 'INT', possible loss of data
E:\MouseShifter Source\MouseShifter\RawMouse\MouseShifter.cpp(4258,25): warning C4244: 'argument': conversion from 'float' to 'INT', possible loss of data
E:\MouseShifter Source\MouseShifter\RawMouse\MouseShifter.cpp(4257,28): warning C4244: 'argument': conversion from 'float' to 'INT', possible loss of data
E:\MouseShifter Source\MouseShifter\RawMouse\MouseShifter.cpp(4256,28): warning C4244: 'argument': conversion from 'float' to 'INT', possible loss of data
E:\MouseShifter Source\MouseShifter\RawMouse\MouseShifter.cpp(4266,65): warning C4244: 'argument': conversion from 'INT' to 'Gdiplus::REAL', possible loss of data
E:\MouseShifter Source\MouseShifter\RawMouse\MouseShifter.cpp(4424,50): warning C4244: 'argument': conversion from 'LONG' to 'Gdiplus::REAL', possible loss of data
E:\MouseShifter Source\MouseShifter\RawMouse\MouseShifter.cpp(4429,27): warning C4244: 'argument': conversion from 'LONG' to 'Gdiplus::REAL', possible loss of data
E:\MouseShifter Source\MouseShifter\RawMouse\MouseShifter.cpp(4434,50): warning C4244: 'argument': conversion from 'LONG' to 'Gdiplus::REAL', possible loss of data
E:\MouseShifter Source\MouseShifter\RawMouse\MouseShifter.cpp(4679,52): warning C4244: 'argument': conversion from 'LONG' to 'Gdiplus::REAL', possible loss of data
E:\MouseShifter Source\MouseShifter\RawMouse\MouseShifter.cpp(4679,41): warning C4244: 'argument': conversion from 'LONG' to 'Gdiplus::REAL', possible loss of data
E:\MouseShifter Source\MouseShifter\RawMouse\MouseShifter.cpp(4687,38): warning C4244: 'argument': conversion from 'LONG' to 'Gdiplus::REAL', possible loss of data
E:\MouseShifter Source\MouseShifter\RawMouse\MouseShifter.cpp(4698,43): warning C4244: 'argument': conversion from 'LONG' to 'Gdiplus::REAL', possible loss of data
E:\MouseShifter Source\MouseShifter\RawMouse\MouseShifter.cpp(4854,29): warning C4244: 'initializing': conversion from 'float' to 'int', possible loss of data
E:\MouseShifter Source\MouseShifter\RawMouse\MouseShifter.cpp(5401,80): warning C4244: 'argument': conversion from 'LONG' to 'Gdiplus::REAL', possible loss of data
E:\MouseShifter Source\MouseShifter\RawMouse\MouseShifter.cpp(5401,51): warning C4244: 'argument': conversion from 'LONG' to 'Gdiplus::REAL', possible loss of data
E:\MouseShifter Source\MouseShifter\RawMouse\MouseShifter.cpp(5418,105): warning C4244: 'argument': conversion from 'LONG' to 'Gdiplus::REAL', possible loss of data
E:\MouseShifter Source\MouseShifter\RawMouse\MouseShifter.cpp(5418,70): warning C4244: 'argument': conversion from 'LONG' to 'Gdiplus::REAL', possible loss of data
E:\MouseShifter Source\MouseShifter\RawMouse\MouseShifter.cpp(5431,88): warning C4244: 'argument': conversion from 'LONG' to 'Gdiplus::REAL', possible loss of data
E:\MouseShifter Source\MouseShifter\RawMouse\MouseShifter.cpp(5431,57): warning C4244: 'argument': conversion from 'LONG' to 'Gdiplus::REAL', possible loss of data
E:\MouseShifter Source\MouseShifter\RawMouse\MouseShifter.cpp(5446,105): warning C4244: 'argument': conversion from 'LONG' to 'Gdiplus::REAL', possible loss of data
E:\MouseShifter Source\MouseShifter\RawMouse\MouseShifter.cpp(5446,70): warning C4244: 'argument': conversion from 'LONG' to 'Gdiplus::REAL', possible loss of data
E:\MouseShifter Source\MouseShifter\RawMouse\MouseShifter.cpp(5710,112): warning C4244: 'argument': conversion from 'LONG' to 'Gdiplus::REAL', possible loss of data
E:\MouseShifter Source\MouseShifter\RawMouse\MouseShifter.cpp(5710,71): warning C4244: 'argument': conversion from 'LONG' to 'Gdiplus::REAL', possible loss of data
E:\MouseShifter Source\MouseShifter\RawMouse\MouseShifter.cpp(5755,102): warning C4244: 'argument': conversion from 'LONG' to 'Gdiplus::REAL', possible loss of data
E:\MouseShifter Source\MouseShifter\RawMouse\MouseShifter.cpp(5755,68): warning C4244: 'argument': conversion from 'LONG' to 'Gdiplus::REAL', possible loss of data
E:\MouseShifter Source\MouseShifter\RawMouse\MouseShifter.cpp(6011,90): warning C4244: 'argument': conversion from 'LONG' to 'Gdiplus::REAL', possible loss of data
E:\MouseShifter Source\MouseShifter\RawMouse\MouseShifter.cpp(6011,60): warning C4244: 'argument': conversion from 'LONG' to 'Gdiplus::REAL', possible loss of data
E:\MouseShifter Source\MouseShifter\RawMouse\MouseShifter.cpp(6054,95): warning C4244: 'argument': conversion from 'LONG' to 'Gdiplus::REAL', possible loss of data
E:\MouseShifter Source\MouseShifter\RawMouse\MouseShifter.cpp(6054,63): warning C4244: 'argument': conversion from 'LONG' to 'Gdiplus::REAL', possible loss of data
E:\MouseShifter Source\MouseShifter\RawMouse\MouseShifter.cpp(6079,103): warning C4244: 'argument': conversion from 'LONG' to 'Gdiplus::REAL', possible loss of data
E:\MouseShifter Source\MouseShifter\RawMouse\MouseShifter.cpp(6079,69): warning C4244: 'argument': conversion from 'LONG' to 'Gdiplus::REAL', possible loss of data
E:\MouseShifter Source\MouseShifter\RawMouse\MouseShifter.cpp(6103,90): warning C4244: 'argument': conversion from 'LONG' to 'Gdiplus::REAL', possible loss of data
E:\MouseShifter Source\MouseShifter\RawMouse\MouseShifter.cpp(6103,60): warning C4244: 'argument': conversion from 'LONG' to 'Gdiplus::REAL', possible loss of data
E:\MouseShifter Source\MouseShifter\RawMouse\MouseShifter.cpp(6271,93): warning C4244: 'argument': conversion from 'LONG' to 'Gdiplus::REAL', possible loss of data
E:\MouseShifter Source\MouseShifter\RawMouse\MouseShifter.cpp(6271,62): warning C4244: 'argument': conversion from 'LONG' to 'Gdiplus::REAL', possible loss of data
E:\MouseShifter Source\MouseShifter\RawMouse\MouseShifter.cpp(6334,102): warning C4244: 'argument': conversion from 'LONG' to 'Gdiplus::REAL', possible loss of data
E:\MouseShifter Source\MouseShifter\RawMouse\MouseShifter.cpp(6334,67): warning C4244: 'argument': conversion from 'LONG' to 'Gdiplus::REAL', possible loss of data
E:\MouseShifter Source\MouseShifter\RawMouse\MouseShifter.cpp(6347,123): warning C4244: 'argument': conversion from 'LONG' to 'Gdiplus::REAL', possible loss of data
E:\MouseShifter Source\MouseShifter\RawMouse\MouseShifter.cpp(6347,78): warning C4244: 'argument': conversion from 'LONG' to 'Gdiplus::REAL', possible loss of data
E:\MouseShifter Source\MouseShifter\RawMouse\MouseShifter.cpp(6361,105): warning C4244: 'argument': conversion from 'LONG' to 'Gdiplus::REAL', possible loss of data
E:\MouseShifter Source\MouseShifter\RawMouse\MouseShifter.cpp(6361,69): warning C4244: 'argument': conversion from 'LONG' to 'Gdiplus::REAL', possible loss of data
E:\MouseShifter Source\MouseShifter\RawMouse\MouseShifter.cpp(6377,102): warning C4244: 'argument': conversion from 'LONG' to 'Gdiplus::REAL', possible loss of data
E:\MouseShifter Source\MouseShifter\RawMouse\MouseShifter.cpp(6377,68): warning C4244: 'argument': conversion from 'LONG' to 'Gdiplus::REAL', possible loss of data
E:\MouseShifter Source\MouseShifter\RawMouse\MouseShifter.cpp(6391,105): warning C4244: 'argument': conversion from 'LONG' to 'Gdiplus::REAL', possible loss of data
E:\MouseShifter Source\MouseShifter\RawMouse\MouseShifter.cpp(6391,70): warning C4244: 'argument': conversion from 'LONG' to 'Gdiplus::REAL', possible loss of data
E:\MouseShifter Source\MouseShifter\RawMouse\MouseShifter.cpp(6400,78): warning C4267: 'initializing': conversion from 'size_t' to 'int', possible loss of data
E:\MouseShifter Source\MouseShifter\RawMouse\MouseShifter.cpp(6409,67): warning C4267: 'initializing': conversion from 'size_t' to 'int', possible loss of data
E:\MouseShifter Source\MouseShifter\RawMouse\MouseShifter.cpp(6437,82): warning C4267: 'initializing': conversion from 'size_t' to 'int', possible loss of data
E:\MouseShifter Source\MouseShifter\RawMouse\MouseShifter.cpp(6446,67): warning C4267: 'initializing': conversion from 'size_t' to 'int', possible loss of data
E:\MouseShifter Source\MouseShifter\RawMouse\MouseShifter.cpp(6472,79): warning C4267: 'initializing': conversion from 'size_t' to 'int', possible loss of data
E:\MouseShifter Source\MouseShifter\RawMouse\MouseShifter.cpp(6480,67): warning C4267: 'initializing': conversion from 'size_t' to 'int', possible loss of data
E:\MouseShifter Source\MouseShifter\RawMouse\MouseShifter.cpp(6702,114): warning C4244: 'argument': conversion from 'int' to 'Gdiplus::REAL', possible loss of data
E:\MouseShifter Source\MouseShifter\RawMouse\MouseShifter.cpp(6702,102): warning C4244: 'argument': conversion from 'int' to 'Gdiplus::REAL', possible loss of data
E:\MouseShifter Source\MouseShifter\RawMouse\MouseShifter.cpp(6702,97): warning C4244: 'argument': conversion from 'int' to 'Gdiplus::REAL', possible loss of data
E:\MouseShifter Source\MouseShifter\RawMouse\MouseShifter.cpp(6702,56): warning C4244: 'argument': conversion from 'int' to 'Gdiplus::REAL', possible loss of data
E:\MouseShifter Source\MouseShifter\RawMouse\MouseShifter.cpp(6708,120): warning C4244: 'argument': conversion from 'int' to 'Gdiplus::REAL', possible loss of data
E:\MouseShifter Source\MouseShifter\RawMouse\MouseShifter.cpp(6708,108): warning C4244: 'argument': conversion from 'int' to 'Gdiplus::REAL', possible loss of data
E:\MouseShifter Source\MouseShifter\RawMouse\MouseShifter.cpp(6708,103): warning C4244: 'argument': conversion from 'int' to 'Gdiplus::REAL', possible loss of data
E:\MouseShifter Source\MouseShifter\RawMouse\MouseShifter.cpp(6708,58): warning C4244: 'argument': conversion from 'int' to 'Gdiplus::REAL', possible loss of data
E:\MouseShifter Source\MouseShifter\RawMouse\MouseShifter.cpp(7056,32): warning C4244: 'argument': conversion from 'int' to 'Gdiplus::REAL', possible loss of data
E:\MouseShifter Source\MouseShifter\RawMouse\MouseShifter.cpp(7074,95): warning C4244: 'argument': conversion from 'int' to 'Gdiplus::REAL', possible loss of data
E:\MouseShifter Source\MouseShifter\RawMouse\MouseShifter.cpp(7074,90): warning C4244: 'argument': conversion from 'int' to 'Gdiplus::REAL', possible loss of data
E:\MouseShifter Source\MouseShifter\RawMouse\MouseShifter.cpp(7074,36): warning C4244: 'argument': conversion from 'LONG' to 'Gdiplus::REAL', possible loss of data
E:\MouseShifter Source\MouseShifter\RawMouse\MouseShifter.cpp(7086,84): warning C4244: 'argument': conversion from 'int' to 'Gdiplus::REAL', possible loss of data
E:\MouseShifter Source\MouseShifter\RawMouse\MouseShifter.cpp(7094,86): warning C4244: 'argument': conversion from 'int' to 'Gdiplus::REAL', possible loss of data
E:\MouseShifter Source\MouseShifter\RawMouse\MouseShifter.cpp(7139,33): warning C4244: 'argument': conversion from 'int' to 'Gdiplus::REAL', possible loss of data
E:\MouseShifter Source\MouseShifter\RawMouse\MouseShifter.cpp(7143,91): warning C4244: 'argument': conversion from 'int' to 'Gdiplus::REAL', possible loss of data
E:\MouseShifter Source\MouseShifter\RawMouse\MouseShifter.cpp(7143,79): warning C4244: 'argument': conversion from 'int' to 'Gdiplus::REAL', possible loss of data
E:\MouseShifter Source\MouseShifter\RawMouse\MouseShifter.cpp(7178,25): warning C4244: 'argument': conversion from 'float' to 'INT', possible loss of data
E:\MouseShifter Source\MouseShifter\RawMouse\MouseShifter.cpp(7177,25): warning C4244: 'argument': conversion from 'float' to 'INT', possible loss of data
E:\MouseShifter Source\MouseShifter\RawMouse\MouseShifter.cpp(7176,28): warning C4244: 'argument': conversion from 'float' to 'INT', possible loss of data
E:\MouseShifter Source\MouseShifter\RawMouse\MouseShifter.cpp(7175,28): warning C4244: 'argument': conversion from 'float' to 'INT', possible loss of data
E:\MouseShifter Source\MouseShifter\RawMouse\MouseShifter.cpp(7185,74): warning C4244: 'argument': conversion from 'INT' to 'Gdiplus::REAL', possible loss of data
E:\MouseShifter Source\MouseShifter\RawMouse\MouseShifter.cpp(7371,50): warning C4244: 'argument': conversion from 'LONG' to 'Gdiplus::REAL', possible loss of data
E:\MouseShifter Source\MouseShifter\RawMouse\MouseShifter.cpp(7376,27): warning C4244: 'argument': conversion from 'LONG' to 'Gdiplus::REAL', possible loss of data
E:\MouseShifter Source\MouseShifter\RawMouse\MouseShifter.cpp(7381,50): warning C4244: 'argument': conversion from 'LONG' to 'Gdiplus::REAL', possible loss of data
E:\MouseShifter Source\MouseShifter\RawMouse\MouseShifter.cpp(7627,52): warning C4244: 'argument': conversion from 'LONG' to 'Gdiplus::REAL', possible loss of data
E:\MouseShifter Source\MouseShifter\RawMouse\MouseShifter.cpp(7627,41): warning C4244: 'argument': conversion from 'LONG' to 'Gdiplus::REAL', possible loss of data
E:\MouseShifter Source\MouseShifter\RawMouse\MouseShifter.cpp(7635,38): warning C4244: 'argument': conversion from 'LONG' to 'Gdiplus::REAL', possible loss of data
E:\MouseShifter Source\MouseShifter\RawMouse\MouseShifter.cpp(7646,43): warning C4244: 'argument': conversion from 'LONG' to 'Gdiplus::REAL', possible loss of data
E:\MouseShifter Source\MouseShifter\RawMouse\MouseShifter.cpp(7720,29): warning C4244: 'initializing': conversion from 'float' to 'int', possible loss of data
E:\MouseShifter Source\MouseShifter\RawMouse\MouseShifter.cpp(8293,25): warning C4244: 'initializing': conversion from 'float' to 'int', possible loss of data
E:\MouseShifter Source\MouseShifter\RawMouse\MouseShifter.cpp(8347,25): warning C4244: 'initializing': conversion from 'float' to 'int', possible loss of data
E:\MouseShifter Source\MouseShifter\RawMouse\MouseShifter.cpp(8407,25): warning C4244: 'initializing': conversion from 'float' to 'int', possible loss of data
E:\MouseShifter Source\MouseShifter\RawMouse\MouseShifter.cpp(9192,31): warning C4244: '=': conversion from 'double' to 'float', possible loss of data
E:\MouseShifter Source\MouseShifter\RawMouse\MouseShifter.cpp(9248,51): warning C4244: 'argument': conversion from 'WORD' to 'UCHAR', possible loss of data
E:\MouseShifter Source\MouseShifter\RawMouse\MouseShifter.cpp(9492,47): warning C4244: 'argument': conversion from 'WORD' to 'UCHAR', possible loss of data
E:\MouseShifter Source\MouseShifter\RawMouse\MouseShifter.cpp(9547,42): warning C4244: 'argument': conversion from 'WORD' to 'UCHAR', possible loss of data
E:\MouseShifter Source\MouseShifter\RawMouse\MouseShifter.cpp(9573,43): warning C4244: 'argument': conversion from 'WORD' to 'UCHAR', possible loss of data
E:\MouseShifter Source\MouseShifter\RawMouse\MouseShifter.cpp(9653,66): warning C4267: 'initializing': conversion from 'size_t' to 'BYTE', possible loss of data
E:\MouseShifter Source\MouseShifter\RawMouse\MouseShifter.cpp(9759,34): warning C4244: '=': conversion from 'double' to 'LONG', possible loss of data
E:\MouseShifter Source\MouseShifter\RawMouse\MouseShifter.cpp(9845,11): warning C4101: 'buf': unreferenced local variable
E:\MouseShifter Source\MouseShifter\RawMouse\MouseShifter.cpp(9881,21): warning C4244: 'initializing': conversion from 'double' to 'float', possible loss of data
E:\MouseShifter Source\MouseShifter\RawMouse\MouseShifter.cpp(10185,47): warning C4244: '=': conversion from 'double' to 'float', possible loss of data
E:\MouseShifter Source\MouseShifter\RawMouse\MouseShifter.cpp(10478,62): warning C4244: 'argument': conversion from 'WORD' to 'UCHAR', possible loss of data
E:\MouseShifter Source\MouseShifter\RawMouse\MouseShifter.cpp(10516,59): warning C4244: 'argument': conversion from 'WORD' to 'UCHAR', possible loss of data
E:\MouseShifter Source\MouseShifter\RawMouse\MouseShifter.cpp(10616,68): warning C4267: '=': conversion from 'size_t' to 'int', possible loss of data
E:\MouseShifter Source\MouseShifter\RawMouse\MouseShifter.cpp(10741,82): warning C4267: 'initializing': conversion from 'size_t' to 'int', possible loss of data
E:\MouseShifter Source\MouseShifter\RawMouse\MouseShifter.cpp(10787,86): warning C4267: 'initializing': conversion from 'size_t' to 'int', possible loss of data
E:\MouseShifter Source\MouseShifter\RawMouse\MouseShifter.cpp(10882,62): warning C4267: '=': conversion from 'size_t' to 'int', possible loss of data
E:\MouseShifter Source\MouseShifter\RawMouse\MouseShifter.cpp(10905,78): warning C4267: 'initializing': conversion from 'size_t' to 'int', possible loss of data
E:\MouseShifter Source\MouseShifter\RawMouse\MouseShifter.cpp(10951,82): warning C4267: 'initializing': conversion from 'size_t' to 'int', possible loss of data
E:\MouseShifter Source\MouseShifter\RawMouse\MouseShifter.cpp(11371,55): warning C4244: 'argument': conversion from 'WORD' to 'UCHAR', possible loss of data
E:\MouseShifter Source\MouseShifter\RawMouse\MouseShifter.cpp(11760,78): warning C4267: 'initializing': conversion from 'size_t' to 'int', possible loss of data
E:\MouseShifter Source\MouseShifter\RawMouse\MouseShifter.cpp(11794,82): warning C4267: 'initializing': conversion from 'size_t' to 'int', possible loss of data
E:\MouseShifter Source\MouseShifter\RawMouse\MouseShifter.cpp(11826,79): warning C4267: 'initializing': conversion from 'size_t' to 'int', possible loss of data
E:\MouseShifter Source\MouseShifter\RawMouse\MouseShifter.cpp(11881,38): warning C4244: '=': conversion from 'int' to 'float', possible loss of data
E:\MouseShifter Source\MouseShifter\RawMouse\MouseShifter.cpp(11965,38): warning C4244: '=': conversion from 'int' to 'float', possible loss of data
E:\MouseShifter Source\MouseShifter\RawMouse\MouseShifter.cpp(12966,70): warning C4267: 'initializing': conversion from 'size_t' to 'BYTE', possible loss of data
E:\MouseShifter Source\MouseShifter\RawMouse\MouseShifter.cpp(13197,40): warning C4244: '=': conversion from 'int' to 'float', possible loss of data
E:\MouseShifter Source\MouseShifter\RawMouse\MouseShifter.cpp(10292,34): warning C4101: 'buf': unreferenced local variable
C:\Program Files (x86)\Microsoft Visual Studio\2019\Community\VC\Tools\MSVC\14.29.30133\include\xstring(2541,23): warning C4244: 'argument': conversion from 'wchar_t' to 'const _Elem', possible loss of data
          with
          [
              _Elem=char
          ]
C:\Program Files (x86)\Microsoft Visual Studio\2019\Community\VC\Tools\MSVC\14.29.30133\include\xstring(2552): message : see reference to function template instantiation 'void std::basic_string<char,std::char_traits<char>,std::allocator<char>>::_Construct<wchar_t*>(_Iter,const _Iter,std::input_iterator_tag)' being compiled
          with
          [
              _Iter=wchar_t *
          ]
C:\Program Files (x86)\Microsoft Visual Studio\2019\Community\VC\Tools\MSVC\14.29.30133\include\xstring(2552): message : see reference to function template instantiation 'void std::basic_string<char,std::char_traits<char>,std::allocator<char>>::_Construct<wchar_t*>(_Iter,const _Iter,std::input_iterator_tag)' being compiled
          with
          [
              _Iter=wchar_t *
          ]
C:\Program Files (x86)\Microsoft Visual Studio\2019\Community\VC\Tools\MSVC\14.29.30133\include\xstring(2532): message : see reference to function template instantiation 'void std::basic_string<char,std::char_traits<char>,std::allocator<char>>::_Construct<wchar_t*>(const _Iter,const _Iter,std::forward_iterator_tag)' being compiled
          with
          [
              _Iter=wchar_t *
          ]
C:\Program Files (x86)\Microsoft Visual Studio\2019\Community\VC\Tools\MSVC\14.29.30133\include\xstring(2532): message : see reference to function template instantiation 'void std::basic_string<char,std::char_traits<char>,std::allocator<char>>::_Construct<wchar_t*>(const _Iter,const _Iter,std::forward_iterator_tag)' being compiled
          with
          [
              _Iter=wchar_t *
          ]
E:\MouseShifter Source\MouseShifter\RawMouse\MouseShifter.cpp(841): message : see reference to function template instantiation 'std::basic_string<char,std::char_traits<char>,std::allocator<char>>::basic_string<std::_String_iterator<std::_String_val<std::_Simple_types<_Elem>>>,0>(_Iter,_Iter,const _Alloc &)' being compiled
          with
          [
              _Elem=wchar_t,
              _Iter=std::_String_iterator<std::_String_val<std::_Simple_types<wchar_t>>>,
              _Alloc=std::allocator<char>
          ]
E:\MouseShifter Source\MouseShifter\RawMouse\MouseShifter.cpp(833): message : see reference to function template instantiation 'std::basic_string<char,std::char_traits<char>,std::allocator<char>>::basic_string<std::_String_iterator<std::_String_val<std::_Simple_types<_Elem>>>,0>(_Iter,_Iter,const _Alloc &)' being compiled
          with
          [
              _Elem=wchar_t,
              _Iter=std::_String_iterator<std::_String_val<std::_Simple_types<wchar_t>>>,
              _Alloc=std::allocator<char>
          ]
  Generating code
  Previous IPDB and IOBJ mismatch, fall back to full compilation.
  All 2725 functions were compiled because no usable IPDB/IOBJ from previous compilation was found.
  Finished generating code
  RawMouse.vcxproj -> E:\MouseShifter Source\MouseShifter\x64\Release\MouseShifter.exe
